<?xml version="1.0" encoding="UTF-8"?>
<!-- Generated by org.testng.reporters.JUnitReportReporter -->
<testsuite hostname="Lab71-PC" name="com.qspiders.module1.Test2" tests="1" failures="0" timestamp="3 May 2013 03:28:17 GMT" time="11.593" errors="0">
  <testcase name="testTest2" time="11.593" classname="com.qspiders.module1.Test2"/>
</testsuite> <!-- com.qspiders.module1.Test2 -->
