<?xml version="1.0" encoding="UTF-8"?>
<!-- Generated by org.testng.reporters.JUnitReportReporter -->
<testsuite hostname="Lab71-PC" name="com.qspiders.module2.Test3" tests="1" failures="0" timestamp="6 May 2013 02:45:34 GMT" time="19.690" errors="0">
  <testcase name="testTest3" time="19.690" classname="com.qspiders.module2.Test3"/>
</testsuite> <!-- com.qspiders.module2.Test3 -->
