<?xml version="1.0" encoding="UTF-8"?>
<!-- Generated by org.testng.reporters.JUnitReportReporter -->
<testsuite hostname="Lab71-PC" name="com.qspiders.module1.LoginLogout" tests="1" failures="0" timestamp="8 May 2013 02:34:29 GMT" time="12.441" errors="0">
  <testcase name="testTest1" time="12.441" classname="com.qspiders.module1.LoginLogout"/>
</testsuite> <!-- com.qspiders.module1.LoginLogout -->
