<?xml version="1.0" encoding="UTF-8"?>
<!-- Generated by org.testng.reporters.JUnitReportReporter -->
<testsuite hostname="Lab71-PC" name="com.qspiders.module1.Test1" tests="1" failures="0" timestamp="3 May 2013 04:55:47 GMT" time="13.761" errors="0">
  <testcase name="testTest1" time="13.761" classname="com.qspiders.module1.Test1"/>
</testsuite> <!-- com.qspiders.module1.Test1 -->
