<?xml version="1.0" encoding="UTF-8"?>
<!-- Generated by org.testng.reporters.JUnitReportReporter -->
<testsuite hostname="PC-64" name="com.BISPL.module1.LoginLogout" tests="1" failures="0" timestamp="9 Aug 2013 07:24:09 GMT" time="6.687" errors="0">
  <testcase name="testTest1" time="6.687" classname="com.BISPL.module1.LoginLogout"/>
</testsuite> <!-- com.BISPL.module1.LoginLogout -->
